2022-06-13T01:22:30.4035907 500 : [{"timestamp":"2022-06-13T06:22:30.387+00:00","status":500,"error":"Internal Server Error","message":"Error resolving template [transfer/transferfrom], template might not exist or might not be accessible by any of the configured Template Resolvers","path":"/transfer/transferfrom"}]
2022-06-13T01:22:30.4255327 500 : [{"timestamp":"2022-06-13T06:22:30.424+00:00","status":500,"error":"Internal Server Error","message":"Error resolving template [transfer/transferto], template might not exist or might not be accessible by any of the configured Template Resolvers","path":"/transfer/transferto"}]
2022-06-13T01:22:34.0712405 500 : [{"timestamp":"2022-06-13T06:22:34.069+00:00","status":500,"error":"Internal Server Error","message":"Error resolving template [transfer/pending], template might not exist or might not be accessible by any of the configured Template Resolvers","path":"/transfer/pending"}]
2022-06-13T01:22:36.1763147 Invalid Transfer Id
2022-06-13T01:22:53.3049427 500 : [{"timestamp":"2022-06-13T06:22:53.302+00:00","status":500,"error":"Internal Server Error","message":"Error resolving template [transfer/transferfrom], template might not exist or might not be accessible by any of the configured Template Resolvers","path":"/transfer/transferfrom"}]
2022-06-13T01:22:53.3228946 500 : [{"timestamp":"2022-06-13T06:22:53.320+00:00","status":500,"error":"Internal Server Error","message":"Error resolving template [transfer/transferto], template might not exist or might not be accessible by any of the configured Template Resolvers","path":"/transfer/transferto"}]
2022-06-13T08:55:53.4826603 500 : [{"timestamp":"2022-06-13T13:55:53.460+00:00","status":500,"error":"Internal Server Error","message":"Error resolving template [transfer/transferfrom], template might not exist or might not be accessible by any of the configured Template Resolvers","path":"/transfer/transferfrom"}]
2022-06-13T08:55:53.5058471 500 : [{"timestamp":"2022-06-13T13:55:53.503+00:00","status":500,"error":"Internal Server Error","message":"Error resolving template [transfer/transferto], template might not exist or might not be accessible by any of the configured Template Resolvers","path":"/transfer/transferto"}]
2022-06-13T08:56:33.05365 500 : [{"timestamp":"2022-06-13T13:56:33.038+00:00","status":500,"error":"Internal Server Error","message":"Error resolving template [transfer/transferfrom], template might not exist or might not be accessible by any of the configured Template Resolvers","path":"/transfer/transferfrom"}]
2022-06-13T08:56:33.0767779 500 : [{"timestamp":"2022-06-13T13:56:33.074+00:00","status":500,"error":"Internal Server Error","message":"Error resolving template [transfer/transferto], template might not exist or might not be accessible by any of the configured Template Resolvers","path":"/transfer/transferto"}]
2022-06-13T08:57:46.7560854 500 : [{"timestamp":"2022-06-13T13:57:46.748+00:00","status":500,"error":"Internal Server Error","message":"Error resolving template [transfer/pending], template might not exist or might not be accessible by any of the configured Template Resolvers","path":"/transfer/pending"}]
2022-06-13T08:57:49.9517439 Invalid Transfer Id
2022-06-13T08:57:52.2971653 500 : [{"timestamp":"2022-06-13T13:57:52.296+00:00","status":500,"error":"Internal Server Error","message":"Error resolving template [transfer/transferfrom], template might not exist or might not be accessible by any of the configured Template Resolvers","path":"/transfer/transferfrom"}]
2022-06-13T08:57:52.3171112 500 : [{"timestamp":"2022-06-13T13:57:52.316+00:00","status":500,"error":"Internal Server Error","message":"Error resolving template [transfer/transferto], template might not exist or might not be accessible by any of the configured Template Resolvers","path":"/transfer/transferto"}]
2022-06-13T09:18:47.4082277 Invalid Transfer Id
2022-06-13T09:28:02.3577916 Invalid Transfer Id
2022-06-13T15:07:09.0405619 500 : [{"timestamp":"2022-06-13T20:07:09.014+00:00","status":500,"error":"Internal Server Error","message":"Insufficient Funds for Transfer","path":"/transfer/transferfunds"}]
2022-06-13T15:09:02.4415565 500 : [{"timestamp":"2022-06-13T20:09:02.439+00:00","status":500,"error":"Internal Server Error","message":"Insufficient Funds for Transfer","path":"/transfer/transferfunds"}]
2022-06-13T15:10:12.7982428 500 : [{"timestamp":"2022-06-13T20:10:12.795+00:00","status":500,"error":"Internal Server Error","message":"Insufficient Funds for Transfer","path":"/transfer/transferfunds"}]
2022-06-13T15:12:47.5207024 500 : [{"timestamp":"2022-06-13T20:12:47.517+00:00","status":500,"error":"Internal Server Error","message":"Request must be larger than 0","path":"/transfer/request"}]
2022-06-13T15:14:07.4922958 500 : [{"timestamp":"2022-06-13T20:14:07.467+00:00","status":500,"error":"Internal Server Error","message":"Request must be larger than 0","path":"/transfer/request"}]
2022-06-13T15:14:44.2622459 401 : [no body]
2022-06-13T15:17:38.2693925 401 : [no body]
2022-06-13T15:17:43.4010468 400 : [{"timestamp":"2022-06-13T20:17:43.381+00:00","status":400,"error":"Bad Request","message":"Validation failed for object='registerUserDTO'. Error count: 2","errors":[{"codes":["NotEmpty.registerUserDTO... (947 bytes)]
<<<<<<< Updated upstream
2022-06-13T15:20:04.8748499 500 : [{"timestamp":"2022-06-13T20:20:04.854+00:00","status":500,"error":"Internal Server Error","message":"Insufficient Funds for Transfer","path":"/transfer/transferfunds"}]
=======
2022-06-13T15:26:58.5086166 Invalid Transfer Id
2022-06-13T15:27:40.3982212 Invalid Transfer Id
2022-06-13T16:10:37.464877 Invalid Transfer Id
2022-06-13T16:11:26.0405885 Invalid Transfer Id
2022-06-13T16:11:58.3629896 401 : [no body]
>>>>>>> Stashed changes
2022-06-13T17:06:10.662934 Invalid Transfer Id
2022-06-13T17:11:37.0373502 500 : [{"timestamp":"2022-06-13T22:11:37.018+00:00","status":500,"error":"Internal Server Error","message":"Insufficient Funds for Transfer","path":"/transfer/transferfunds"}]
2022-06-13T17:23:30.0995908 500 : [{"timestamp":"2022-06-13T22:23:30.088+00:00","status":500,"error":"Internal Server Error","message":"Insufficient Funds for Transfer","path":"/transfer/transferfunds"}]
2022-06-13T17:24:05.864944 500 : [{"timestamp":"2022-06-13T22:24:05.851+00:00","status":500,"error":"Internal Server Error","message":"Insufficient Funds for Transfer","path":"/transfer/transferfunds"}]
2022-06-13T17:27:13.6087977 500 : [{"timestamp":"2022-06-13T22:27:13.594+00:00","status":500,"error":"Internal Server Error","message":"Insufficient Funds for Transfer","path":"/transfer/transferfunds"}]
2022-06-13T17:30:45.1324893 500 : [{"timestamp":"2022-06-13T22:30:45.119+00:00","status":500,"error":"Internal Server Error","message":"Insufficient Funds for Transfer","path":"/transfer/transferfunds"}]
