2022-06-12T00:26:34.8667073 404 : [{"timestamp":"2022-06-12T05:26:34.844+00:00","status":404,"error":"Not Found","message":"No message available","path":"/transfer/update5"}]
2022-06-12T00:27:30.8783149 500 : [{"timestamp":"2022-06-12T05:27:30.873+00:00","status":500,"error":"Internal Server Error","message":"Insufficient Funds for Transfer","path":"/transfer/transferfunds"}]
2022-06-12T00:29:23.1138315 404 : [{"timestamp":"2022-06-12T05:29:23.112+00:00","status":404,"error":"Not Found","message":"No message available","path":"/transfer/update2"}]
2022-06-12T00:30:17.046608 401 : [no body]
2022-06-12T00:33:47.075488 401 : [no body]
2022-06-12T00:36:15.6429913 404 : [{"timestamp":"2022-06-12T05:36:15.625+00:00","status":404,"error":"Not Found","message":"No message available","path":"/transfer/update2"}]
2022-06-12T00:44:27.3896762 404 : [{"timestamp":"2022-06-12T05:44:27.367+00:00","status":404,"error":"Not Found","message":"No message available","path":"/transfer/update5"}]
2022-06-12T00:46:37.6618815 500 : [{"timestamp":"2022-06-12T05:46:37.641+00:00","status":500,"error":"Internal Server Error","message":"Insufficient Funds for Transfer","path":"/transfer/transferfunds"}]
2022-06-12T00:46:37.6743301 404 : [{"timestamp":"2022-06-12T05:46:37.668+00:00","status":404,"error":"Not Found","message":"No message available","path":"/transfer/update8"}]
2022-06-12T00:50:55.8816741 500 : [{"timestamp":"2022-06-12T05:50:55.862+00:00","status":500,"error":"Internal Server Error","message":"Insufficient Funds for Transfer","path":"/transfer/transferfunds"}]
2022-06-12T00:52:57.2218577 500 : [{"timestamp":"2022-06-12T05:52:57.206+00:00","status":500,"error":"Internal Server Error","message":"Request must be larger than 0","path":"/transfer/request"}]
2022-06-12T01:16:49.7559658 500 : [{"timestamp":"2022-06-12T06:16:49.731+00:00","status":500,"error":"Internal Server Error","message":"Insufficient Funds for Transfer","path":"/transfer/transferfunds"}]
2022-06-12T01:17:49.9002481 500 : [{"timestamp":"2022-06-12T06:17:49.865+00:00","status":500,"error":"Internal Server Error","message":"Insufficient Funds for Transfer","path":"/transfer/transferfunds"}]
2022-06-12T01:19:55.1837503 500 : [{"timestamp":"2022-06-12T06:19:55.165+00:00","status":500,"error":"Internal Server Error","message":"Insufficient Funds for Transfer","path":"/transfer/transferfunds"}]
2022-06-12T01:21:54.0917724 500 : [{"timestamp":"2022-06-12T06:21:54.071+00:00","status":500,"error":"Internal Server Error","message":"Insufficient Funds for Transfer","path":"/transfer/transferfunds"}]
2022-06-12T01:24:36.5764295 500 : [{"timestamp":"2022-06-12T06:24:36.551+00:00","status":500,"error":"Internal Server Error","message":"Insufficient Funds for Transfer","path":"/transfer/transferfunds"}]
2022-06-12T14:08:45.8379906 404 : [{"timestamp":"2022-06-12T19:08:45.818+00:00","status":404,"error":"Not Found","message":"No message available","path":"/transfer/update1"}]
2022-06-12T14:09:03.9692638 404 : [{"timestamp":"2022-06-12T19:09:03.967+00:00","status":404,"error":"Not Found","message":"No message available","path":"/transfer/update4"}]
2022-06-12T14:09:12.5450069 404 : [{"timestamp":"2022-06-12T19:09:12.544+00:00","status":404,"error":"Not Found","message":"No message available","path":"/transfer/update26"}]
2022-06-12T14:09:57.6942547 500 : [{"timestamp":"2022-06-12T19:09:57.692+00:00","status":500,"error":"Internal Server Error","message":"Insufficient Funds for Transfer","path":"/transfer/transferfunds"}]
2022-06-12T14:09:57.7032022 404 : [{"timestamp":"2022-06-12T19:09:57.701+00:00","status":404,"error":"Not Found","message":"No message available","path":"/transfer/update1"}]
2022-06-12T14:10:04.1950398 500 : [{"timestamp":"2022-06-12T19:10:04.194+00:00","status":500,"error":"Internal Server Error","message":"Insufficient Funds for Transfer","path":"/transfer/transferfunds"}]
2022-06-12T14:10:04.2010234 404 : [{"timestamp":"2022-06-12T19:10:04.200+00:00","status":404,"error":"Not Found","message":"No message available","path":"/transfer/update1"}]
2022-06-12T14:10:05.7671847 500 : [{"timestamp":"2022-06-12T19:10:05.766+00:00","status":500,"error":"Internal Server Error","message":"Insufficient Funds for Transfer","path":"/transfer/transferfunds"}]
2022-06-12T14:10:05.7731778 404 : [{"timestamp":"2022-06-12T19:10:05.772+00:00","status":404,"error":"Not Found","message":"No message available","path":"/transfer/update1"}]
2022-06-12T14:10:07.0833009 500 : [{"timestamp":"2022-06-12T19:10:07.082+00:00","status":500,"error":"Internal Server Error","message":"Insufficient Funds for Transfer","path":"/transfer/transferfunds"}]
2022-06-12T14:10:07.0892844 404 : [{"timestamp":"2022-06-12T19:10:07.088+00:00","status":404,"error":"Not Found","message":"No message available","path":"/transfer/update1"}]
2022-06-12T14:10:08.6226865 500 : [{"timestamp":"2022-06-12T19:10:08.621+00:00","status":500,"error":"Internal Server Error","message":"Insufficient Funds for Transfer","path":"/transfer/transferfunds"}]
2022-06-12T14:10:08.6287018 404 : [{"timestamp":"2022-06-12T19:10:08.627+00:00","status":404,"error":"Not Found","message":"No message available","path":"/transfer/update1"}]
2022-06-12T14:14:56.640415 500 : [{"timestamp":"2022-06-12T19:14:56.626+00:00","status":500,"error":"Internal Server Error","message":"Request must be larger than 0","path":"/transfer/request"}]
2022-06-12T14:17:44.3942839 500 : [{"timestamp":"2022-06-12T19:17:44.381+00:00","status":500,"error":"Internal Server Error","message":"Insufficient Funds for Transfer","path":"/transfer/transferfunds"}]
2022-06-12T14:17:44.4072828 404 : [{"timestamp":"2022-06-12T19:17:44.404+00:00","status":404,"error":"Not Found","message":"No message available","path":"/transfer/update1"}]
2022-06-12T14:27:52.0238464 401 : [no body]
2022-06-12T14:30:22.5712733 404 : [{"timestamp":"2022-06-12T19:30:22.557+00:00","status":404,"error":"Not Found","message":"No message available","path":"/transfer/update53"}]
2022-06-12T14:44:11.7962996 Invalid transfer id
2022-06-12T14:44:23.4329769 Invalid transfer id
2022-06-12T14:45:18.1978457 Invalid transfer id
2022-06-12T14:47:26.2977549 Invalid Transfer Id
2022-06-12T14:47:35.0737536 Invalid Transfer Id
2022-06-12T14:47:40.0128723 Invalid Transfer Id
2022-06-12T14:48:12.5313448 Invalid Transfer Id
2022-06-12T14:48:18.6630492 Invalid Transfer Id
2022-06-12T14:48:25.3970129 Invalid Transfer Id
2022-06-12T14:48:40.9617559 Invalid Transfer Id
2022-06-12T14:48:48.9790446 Invalid Transfer Id
2022-06-12T14:48:56.0259043 Invalid Transfer Id
2022-06-12T15:03:07.8077012 Invalid Transfer Id
2022-06-12T15:03:16.7141594 Invalid Transfer Id
2022-06-12T15:05:07.8729199 Invalid Transfer Id
2022-06-12T15:05:25.6158385 404 : [{"timestamp":"2022-06-12T20:05:25.610+00:00","status":404,"error":"Not Found","message":"No message available","path":"/transfer/update1"}]
2022-06-12T15:05:49.8016826 404 : [{"timestamp":"2022-06-12T20:05:49.800+00:00","status":404,"error":"Not Found","message":"No message available","path":"/transfer/update1"}]
2022-06-12T15:05:59.7446081 Invalid Transfer Id
2022-06-12T15:06:30.2191361 Invalid Transfer Id
2022-06-12T15:06:40.3023401 Invalid Transfer Id
2022-06-12T15:06:52.7439726 Invalid Transfer Id
2022-06-12T15:07:05.5200725 404 : [{"timestamp":"2022-06-12T20:07:05.519+00:00","status":404,"error":"Not Found","message":"No message available","path":"/transfer/update47"}]
2022-06-12T15:14:36.5059883 Invalid Transfer Id
2022-06-12T17:13:30.2525509 404 : [{"timestamp":"2022-06-12T22:13:30.238+00:00","status":404,"error":"Not Found","message":"No message available","path":"/transfer/update34"}]
2022-06-12T17:29:01.4848706 401 : [no body]
2022-06-12T17:29:24.2174957 500 : [{"timestamp":"2022-06-12T22:29:24.215+00:00","status":500,"error":"Internal Server Error","message":"User was not found","path":"/user/accountid"}]
2022-06-12T17:54:47.6197078 Invalid Transfer Id
2022-06-12T18:12:41.2898671 Invalid Transfer Id
2022-06-12T18:14:20.1065606 404 : [{"timestamp":"2022-06-12T23:14:20.092+00:00","status":404,"error":"Not Found","message":"No message available","path":"/transfer/update11"}]
2022-06-12T18:19:48.2381855 404 : [{"timestamp":"2022-06-12T23:19:48.225+00:00","status":404,"error":"Not Found","message":"No message available","path":"/transfer/update11"}]
2022-06-12T18:27:51.0081379 400 : [{"timestamp":"2022-06-12T23:27:50.995+00:00","status":400,"error":"Bad Request","message":"Required int parameter 'statusid' is not present","path":"/transfer/update"}]
2022-06-12T18:31:44.6369088 Invalid Transfer Id
2022-06-12T18:32:27.8271789 401 : [{"timestamp":"2022-06-12T23:32:27.807+00:00","status":401,"error":"Unauthorized","message":"Full authentication is required to access this resource","path":"/transfer/pending"}]
2022-06-12T18:33:06.9855492 401 : [{"timestamp":"2022-06-12T23:33:06.970+00:00","status":401,"error":"Unauthorized","message":"Full authentication is required to access this resource","path":"/transfer/pending"}]
2022-06-12T22:24:51.2654841 Invalid Transfer Id
2022-06-12T22:25:01.1085192 Invalid Transfer Id
