2022-06-09T12:58:10.4504231 404 : [{"timestamp":"2022-06-09T17:58:10.421+00:00","status":404,"error":"Not Found","message":"No message available","path":"/transferlist"}]
2022-06-09T13:17:58.5068745 404 : [{"timestamp":"2022-06-09T18:17:58.490+00:00","status":404,"error":"Not Found","message":"No message available","path":"/transferfrom"}]
2022-06-09T13:18:20.3401965 404 : [{"timestamp":"2022-06-09T18:18:20.338+00:00","status":404,"error":"Not Found","message":"No message available","path":"/transferfrom"}]
2022-06-09T14:37:14.5117973 401 : [no body]
2022-06-09T14:37:22.614395 400 : [{"timestamp":"2022-06-09T19:37:22.609+00:00","status":400,"error":"Bad Request","message":"User registration failed.","path":"/register"}]
2022-06-09T14:37:43.8722314 500 : [{"timestamp":"2022-06-09T19:37:43.870+00:00","status":500,"error":"Internal Server Error","message":"could not extract ResultSet; SQL [n/a]; nested exception is org.hibernate.exception.SQLGrammarException: could not extract ResultSet","path":"/transfer/transferfrom"}]
2022-06-09T14:37:50.2271118 500 : [{"timestamp":"2022-06-09T19:37:50.226+00:00","status":500,"error":"Internal Server Error","message":"could not extract ResultSet; SQL [n/a]; nested exception is org.hibernate.exception.SQLGrammarException: could not extract ResultSet","path":"/transfer/transferfrom"}]
2022-06-09T14:37:55.9770904 404 : [{"timestamp":"2022-06-09T19:37:55.975+00:00","status":404,"error":"Not Found","message":"No message available","path":"/transferlist"}]
2022-06-09T14:38:29.7832799 401 : [no body]
2022-06-09T14:38:36.2968153 500 : [{"timestamp":"2022-06-09T19:38:36.292+00:00","status":500,"error":"Internal Server Error","message":"could not extract ResultSet; SQL [n/a]; nested exception is org.hibernate.exception.SQLGrammarException: could not extract ResultSet","path":"/transfer/transferfrom"}]
2022-06-09T14:38:57.4062737 500 : [{"timestamp":"2022-06-09T19:38:57.394+00:00","status":500,"error":"Internal Server Error","message":"could not extract ResultSet; SQL [n/a]; nested exception is org.hibernate.exception.SQLGrammarException: could not extract ResultSet","path":"/transfer/transferfrom"}]
2022-06-09T14:39:31.5539121 500 : [{"timestamp":"2022-06-09T19:39:31.540+00:00","status":500,"error":"Internal Server Error","message":"could not extract ResultSet; SQL [n/a]; nested exception is org.hibernate.exception.SQLGrammarException: could not extract ResultSet","path":"/transfer/transferfrom"}]
2022-06-09T14:39:34.5478918 500 : [{"timestamp":"2022-06-09T19:39:34.545+00:00","status":500,"error":"Internal Server Error","message":"could not extract ResultSet; SQL [n/a]; nested exception is org.hibernate.exception.SQLGrammarException: could not extract ResultSet","path":"/transfer/transferfrom"}]
2022-06-09T14:39:56.337246 500 : [{"timestamp":"2022-06-09T19:39:56.336+00:00","status":500,"error":"Internal Server Error","message":"could not extract ResultSet; SQL [n/a]; nested exception is org.hibernate.exception.SQLGrammarException: could not extract ResultSet","path":"/transfer/transferfrom"}]
2022-06-09T14:48:09.1287086 500 : [{"timestamp":"2022-06-09T19:48:09.114+00:00","status":500,"error":"Internal Server Error","message":"could not extract ResultSet; SQL [n/a]; nested exception is org.hibernate.exception.SQLGrammarException: could not extract ResultSet","path":"/transfer/transferfrom"}]
2022-06-09T14:49:16.3153069 500 : [{"timestamp":"2022-06-09T19:49:16.301+00:00","status":500,"error":"Internal Server Error","message":"could not extract ResultSet; SQL [n/a]; nested exception is org.hibernate.exception.SQLGrammarException: could not extract ResultSet","path":"/transfer/transferfrom"}]
2022-06-09T14:52:31.4296892 500 : [{"timestamp":"2022-06-09T19:52:31.415+00:00","status":500,"error":"Internal Server Error","message":"could not extract ResultSet; SQL [n/a]; nested exception is org.hibernate.exception.SQLGrammarException: could not extract ResultSet","path":"/transfer/transferfrom"}]
2022-06-09T15:00:52.8393175 500 : [{"timestamp":"2022-06-09T20:00:52.824+00:00","status":500,"error":"Internal Server Error","message":"could not extract ResultSet; SQL [n/a]; nested exception is org.hibernate.exception.SQLGrammarException: could not extract ResultSet","path":"/transfer/transferfrom"}]
2022-06-09T15:01:48.203543 500 : [{"timestamp":"2022-06-09T20:01:48.187+00:00","status":500,"error":"Internal Server Error","message":"could not extract ResultSet; SQL [n/a]; nested exception is org.hibernate.exception.SQLGrammarException: could not extract ResultSet","path":"/transfer/transferfrom"}]
2022-06-09T15:02:38.3820005 401 : [no body]
2022-06-09T15:02:43.1366008 500 : [{"timestamp":"2022-06-09T20:02:43.132+00:00","status":500,"error":"Internal Server Error","message":"could not extract ResultSet; SQL [n/a]; nested exception is org.hibernate.exception.SQLGrammarException: could not extract ResultSet","path":"/transfer/transferfrom"}]
2022-06-09T15:03:52.8874356 500 : [{"timestamp":"2022-06-09T20:03:52.874+00:00","status":500,"error":"Internal Server Error","message":"could not extract ResultSet; SQL [n/a]; nested exception is org.hibernate.exception.SQLGrammarException: could not extract ResultSet","path":"/transfer/transferfrom"}]
2022-06-09T15:16:40.1766597 401 : [no body]
2022-06-09T15:50:01.1073531 401 : [no body]
2022-06-09T16:03:26.6942596 404 : [{"timestamp":"2022-06-09T21:03:26.690+00:00","status":404,"error":"Not Found","message":"No message available","path":"/transferlist"}]
2022-06-09T16:05:54.6194062 404 : [{"timestamp":"2022-06-09T21:05:54.603+00:00","status":404,"error":"Not Found","message":"No message available","path":"/transferlist"}]
2022-06-09T16:06:22.2693585 404 : [{"timestamp":"2022-06-09T21:06:22.254+00:00","status":404,"error":"Not Found","message":"No message available","path":"/transferlist"}]
2022-06-09T16:19:58.3785309 404 : [{"timestamp":"2022-06-09T21:19:58.361+00:00","status":404,"error":"Not Found","message":"No message available","path":"/recipients"}]
2022-06-09T16:19:58.3865103 404 : [{"timestamp":"2022-06-09T21:19:58.384+00:00","status":404,"error":"Not Found","message":"No message available","path":"/transferlist"}]
2022-06-09T16:21:26.464621 404 : [{"timestamp":"2022-06-09T21:21:26.450+00:00","status":404,"error":"Not Found","message":"No message available","path":"/recipients"}]
2022-06-09T16:21:26.4725997 404 : [{"timestamp":"2022-06-09T21:21:26.470+00:00","status":404,"error":"Not Found","message":"No message available","path":"/transferlist"}]
2022-06-09T16:23:23.9479305 404 : [{"timestamp":"2022-06-09T21:23:23.932+00:00","status":404,"error":"Not Found","message":"No message available","path":"/recipients"}]
2022-06-09T16:23:23.9548833 404 : [{"timestamp":"2022-06-09T21:23:23.953+00:00","status":404,"error":"Not Found","message":"No message available","path":"/recipients"}]
2022-06-09T16:25:27.0425286 404 : [{"timestamp":"2022-06-09T21:25:27.027+00:00","status":404,"error":"Not Found","message":"No message available","path":"/recipients"}]
2022-06-09T16:25:27.0485135 404 : [{"timestamp":"2022-06-09T21:25:27.047+00:00","status":404,"error":"Not Found","message":"No message available","path":"/recipients"}]
2022-06-09T16:26:26.842464 404 : [{"timestamp":"2022-06-09T21:26:26.829+00:00","status":404,"error":"Not Found","message":"No message available","path":"/recipients"}]
2022-06-09T16:26:26.8494165 404 : [{"timestamp":"2022-06-09T21:26:26.848+00:00","status":404,"error":"Not Found","message":"No message available","path":"/recipients"}]
