2022-06-11T11:56:03.696954 401 : [no body]
2022-06-11T15:43:43.4443733 400 : [{"timestamp":"2022-06-11T20:43:43.423+00:00","status":400,"error":"Bad Request","message":"Required request body is missing: public com.techelevator.tenmo.model.Transfer com.techelevator.tenmo.controller.TransferController.create(com.techelevator.tenmo.model.Transfer)","path":"/transfer/transferfunds"}]
2022-06-11T15:44:35.7682019 400 : [{"timestamp":"2022-06-11T20:44:35.767+00:00","status":400,"error":"Bad Request","message":"Required request body is missing: public com.techelevator.tenmo.model.Transfer com.techelevator.tenmo.controller.TransferController.create(com.techelevator.tenmo.model.Transfer)","path":"/transfer/transferfunds"}]
2022-06-11T15:47:02.9636804 400 : [{"timestamp":"2022-06-11T20:47:02.946+00:00","status":400,"error":"Bad Request","message":"Required request body is missing: public com.techelevator.tenmo.model.Transfer com.techelevator.tenmo.controller.TransferController.create(com.techelevator.tenmo.model.Transfer)","path":"/transfer/transferfunds"}]
2022-06-11T15:48:22.3428665 400 : [{"timestamp":"2022-06-11T20:48:22.330+00:00","status":400,"error":"Bad Request","message":"Required request body is missing: public com.techelevator.tenmo.model.Transfer com.techelevator.tenmo.controller.TransferController.create(com.techelevator.tenmo.model.Transfer)","path":"/transfer/transferfunds"}]
2022-06-11T15:50:53.9079373 400 : [{"timestamp":"2022-06-11T20:50:53.894+00:00","status":400,"error":"Bad Request","message":"Required request body is missing: public com.techelevator.tenmo.model.Transfer com.techelevator.tenmo.controller.TransferController.create(com.techelevator.tenmo.model.Transfer)","path":"/transfer/transferfunds"}]
2022-06-11T16:08:51.8078333 500 : [{"timestamp":"2022-06-11T21:08:51.794+00:00","status":500,"error":"Internal Server Error","message":"Cannot invoke \"com.techelevator.tenmo.model.Account.getUserid()\" because \"accountofTargetuser\" is null","path":"/transfer/transferfunds"}]
2022-06-11T16:23:39.6913224 400 : [{"timestamp":"2022-06-11T21:23:39.674+00:00","status":400,"error":"Bad Request","message":"Required int parameter 'accountfrom' is not present","path":"/transfer/pending"}]
2022-06-11T16:24:34.4166411 400 : [{"timestamp":"2022-06-11T21:24:34.402+00:00","status":400,"error":"Bad Request","message":"Required int parameter 'accountfrom' is not present","path":"/transfer/pending"}]
2022-06-11T16:25:36.1408184 400 : [{"timestamp":"2022-06-11T21:25:36.126+00:00","status":400,"error":"Bad Request","message":"Required int parameter 'accountfrom' is not present","path":"/transfer/pending"}]
2022-06-11T16:26:46.6585926 404 : [{"timestamp":"2022-06-11T21:26:46.642+00:00","status":404,"error":"Not Found","message":"No message available","path":"/transfer/pending"}]
2022-06-11T16:26:59.0074082 500 : [{"timestamp":"2022-06-11T21:26:59.004+00:00","status":500,"error":"Internal Server Error","message":"Cannot invoke \"com.techelevator.tenmo.model.Account.getUserid()\" because \"accountofTargetuser\" is null","path":"/transfer/transferfunds"}]
2022-06-11T16:30:41.0868901 404 : [{"timestamp":"2022-06-11T21:30:41.069+00:00","status":404,"error":"Not Found","message":"No message available","path":"/transfer/pending"}]
2022-06-11T16:40:58.7579299 404 : [{"timestamp":"2022-06-11T21:40:58.743+00:00","status":404,"error":"Not Found","message":"No message available","path":"/transfer/pending"}]
2022-06-11T16:50:23.1135979 404 : [{"timestamp":"2022-06-11T21:50:23.099+00:00","status":404,"error":"Not Found","message":"No message available","path":"/transfer/pending"}]
2022-06-11T16:53:57.2198092 401 : [no body]
2022-06-11T16:54:04.6200221 404 : [{"timestamp":"2022-06-11T21:54:04.616+00:00","status":404,"error":"Not Found","message":"No message available","path":"/transfer/pending"}]
2022-06-11T19:38:24.2677586 401 : [no body]
2022-06-11T19:48:20.1788567 401 : [no body]
2022-06-11T20:56:05.5250911 500 : [{"timestamp":"2022-06-12T01:56:05.510+00:00","status":500,"error":"Internal Server Error","message":"Cannot invoke \"com.techelevator.tenmo.model.Account.getBalance()\" because \"accountOfCurrentUser\" is null","path":"/transfer/update"}]
2022-06-11T20:56:26.5023087 500 : [{"timestamp":"2022-06-12T01:56:26.500+00:00","status":500,"error":"Internal Server Error","message":"Cannot invoke \"com.techelevator.tenmo.model.Account.getBalance()\" because \"accountOfCurrentUser\" is null","path":"/transfer/update"}]
2022-06-11T21:21:57.9748355 500 : [{"timestamp":"2022-06-12T02:21:57.960+00:00","status":500,"error":"Internal Server Error","message":"could not execute statement; SQL [n/a]; constraint [fkglu0k4h4rhl37dne42pmqkc7d]; nested exception is org.hibernate.exception.ConstraintViolationException: could not execute statement","path":"/transfer/update"}]
2022-06-11T21:22:32.7772034 500 : [{"timestamp":"2022-06-12T02:22:32.767+00:00","status":500,"error":"Internal Server Error","message":"could not execute statement; SQL [n/a]; constraint [fkglu0k4h4rhl37dne42pmqkc7d]; nested exception is org.hibernate.exception.ConstraintViolationException: could not execute statement","path":"/transfer/update"}]
2022-06-11T22:34:56.2479832 404 : [{"timestamp":"2022-06-12T03:34:56.230+00:00","status":404,"error":"Not Found","message":"No message available","path":"/transfer/update47"}]
